<?xml version="1.0" encoding="UTF-8"?>
<coverage generated="1709679843223" clover="3.2.0">
  <project timestamp="1709679843223" name="All files">
    <metrics statements="22" coveredstatements="21" conditionals="19" coveredconditionals="18" methods="1" coveredmethods="1" elements="42" coveredelements="40" complexity="0" loc="22" ncloc="22" packages="1" files="1" classes="1"/>
    <file name="CalculateComission.js" path="C:\Users\ojfel\602\Activity5\CalculateComission.js">
      <metrics statements="22" coveredstatements="21" conditionals="19" coveredconditionals="18" methods="1" coveredmethods="1"/>
      <line num="5" count="27" type="cond" truecount="5" falsecount="0"/>
      <line num="6" count="10" type="stmt"/>
      <line num="7" count="17" type="cond" truecount="5" falsecount="0"/>
      <line num="8" count="3" type="stmt"/>
      <line num="12" count="14" type="stmt"/>
      <line num="13" count="14" type="stmt"/>
      <line num="14" count="14" type="stmt"/>
      <line num="17" count="14" type="stmt"/>
      <line num="18" count="14" type="stmt"/>
      <line num="19" count="14" type="stmt"/>
      <line num="22" count="14" type="stmt"/>
      <line num="26" count="14" type="cond" truecount="5" falsecount="0"/>
      <line num="27" count="4" type="stmt"/>
      <line num="32" count="10" type="cond" truecount="2" falsecount="0"/>
      <line num="33" count="4" type="stmt"/>
      <line num="34" count="6" type="cond" truecount="1" falsecount="1"/>
      <line num="35" count="0" type="stmt"/>
      <line num="37" count="6" type="stmt"/>
      <line num="41" count="10" type="stmt"/>
      <line num="44" count="10" type="stmt"/>
      <line num="46" count="10" type="stmt"/>
      <line num="48" count="1" type="stmt"/>
    </file>
  </project>
</coverage>
