{"C:\\Users\\ojfel\\602\\Activity5\\CalculateComission.js": {"path":"C:\\Users\\ojfel\\602\\Activity5\\CalculateComission.js","statementMap":{"0":{"start":{"line":5,"column":4},"end":{"line":9,"column":5}},"1":{"start":{"line":6,"column":8},"end":{"line":6,"column":40}},"2":{"start":{"line":7,"column":10},"end":{"line":9,"column":5}},"3":{"start":{"line":8,"column":8},"end":{"line":8,"column":40}},"4":{"start":{"line":12,"column":21},"end":{"line":12,"column":23}},"5":{"start":{"line":13,"column":22},"end":{"line":13,"column":24}},"6":{"start":{"line":14,"column":23},"end":{"line":14,"column":25}},"7":{"start":{"line":17,"column":21},"end":{"line":17,"column":23}},"8":{"start":{"line":18,"column":22},"end":{"line":18,"column":24}},"9":{"start":{"line":19,"column":23},"end":{"line":19,"column":25}},"10":{"start":{"line":22,"column":23},"end":{"line":22,"column":89}},"11":{"start":{"line":26,"column":4},"end":{"line":28,"column":5}},"12":{"start":{"line":27,"column":8},"end":{"line":27,"column":57}},"13":{"start":{"line":32,"column":4},"end":{"line":38,"column":5}},"14":{"start":{"line":33,"column":8},"end":{"line":33,"column":29}},"15":{"start":{"line":34,"column":11},"end":{"line":38,"column":5}},"16":{"start":{"line":35,"column":8},"end":{"line":35,"column":30}},"17":{"start":{"line":37,"column":8},"end":{"line":37,"column":29}},"18":{"start":{"line":41,"column":21},"end":{"line":41,"column":48}},"19":{"start":{"line":44,"column":4},"end":{"line":44,"column":22}},"20":{"start":{"line":46,"column":4},"end":{"line":46,"column":35}},"21":{"start":{"line":48,"column":0},"end":{"line":48,"column":45}}},"fnMap":{"0":{"name":"calculateCommissionFunction","decl":{"start":{"line":2,"column":9},"end":{"line":2,"column":36}},"loc":{"start":{"line":2,"column":67},"end":{"line":47,"column":1}},"line":2}},"branchMap":{"0":{"loc":{"start":{"line":5,"column":4},"end":{"line":9,"column":5}},"type":"if","locations":[{"start":{"line":5,"column":4},"end":{"line":9,"column":5}},{"start":{"line":7,"column":10},"end":{"line":9,"column":5}}],"line":5},"1":{"loc":{"start":{"line":5,"column":8},"end":{"line":5,"column":52}},"type":"binary-expr","locations":[{"start":{"line":5,"column":8},"end":{"line":5,"column":19}},{"start":{"line":5,"column":23},"end":{"line":5,"column":35}},{"start":{"line":5,"column":39},"end":{"line":5,"column":52}}],"line":5},"2":{"loc":{"start":{"line":7,"column":10},"end":{"line":9,"column":5}},"type":"if","locations":[{"start":{"line":7,"column":10},"end":{"line":9,"column":5}},{"start":{},"end":{}}],"line":7},"3":{"loc":{"start":{"line":7,"column":14},"end":{"line":7,"column":67}},"type":"binary-expr","locations":[{"start":{"line":7,"column":14},"end":{"line":7,"column":28}},{"start":{"line":7,"column":32},"end":{"line":7,"column":47}},{"start":{"line":7,"column":51},"end":{"line":7,"column":67}}],"line":7},"4":{"loc":{"start":{"line":26,"column":4},"end":{"line":28,"column":5}},"type":"if","locations":[{"start":{"line":26,"column":4},"end":{"line":28,"column":5}},{"start":{},"end":{}}],"line":26},"5":{"loc":{"start":{"line":26,"column":8},"end":{"line":26,"column":76}},"type":"binary-expr","locations":[{"start":{"line":26,"column":8},"end":{"line":26,"column":26}},{"start":{"line":26,"column":30},"end":{"line":26,"column":50}},{"start":{"line":26,"column":54},"end":{"line":26,"column":76}}],"line":26},"6":{"loc":{"start":{"line":32,"column":4},"end":{"line":38,"column":5}},"type":"if","locations":[{"start":{"line":32,"column":4},"end":{"line":38,"column":5}},{"start":{"line":34,"column":11},"end":{"line":38,"column":5}}],"line":32},"7":{"loc":{"start":{"line":34,"column":11},"end":{"line":38,"column":5}},"type":"if","locations":[{"start":{"line":34,"column":11},"end":{"line":38,"column":5}},{"start":{"line":36,"column":11},"end":{"line":38,"column":5}}],"line":34}},"s":{"0":27,"1":10,"2":17,"3":3,"4":14,"5":14,"6":14,"7":14,"8":14,"9":14,"10":14,"11":14,"12":4,"13":10,"14":4,"15":6,"16":0,"17":6,"18":10,"19":10,"20":10,"21":1},"f":{"0":27},"b":{"0":[10,17],"1":[27,21,19],"2":[3,14],"3":[17,16,15],"4":[4,10],"5":[14,13,11],"6":[4,6],"7":[0,6]},"_coverageSchema":"1a1c01bbd47fc00a2c39e90264f33305004495a9","hash":"4551c16f9a1d14019c9be86b75f0a96b5bc05c4c"}
}
