TN:
SF:CalculateComission.js
FN:2,calculateCommissionFunction
FNF:1
FNH:1
FNDA:27,calculateCommissionFunction
DA:5,27
DA:6,10
DA:7,17
DA:8,3
DA:12,14
DA:13,14
DA:14,14
DA:17,14
DA:18,14
DA:19,14
DA:22,14
DA:26,14
DA:27,4
DA:32,10
DA:33,4
DA:34,6
DA:35,0
DA:37,6
DA:41,10
DA:44,10
DA:46,10
DA:48,1
LF:22
LH:21
BRDA:5,0,0,10
BRDA:5,0,1,17
BRDA:5,1,0,27
BRDA:5,1,1,21
BRDA:5,1,2,19
BRDA:7,2,0,3
BRDA:7,2,1,14
BRDA:7,3,0,17
BRDA:7,3,1,16
BRDA:7,3,2,15
BRDA:26,4,0,4
BRDA:26,4,1,10
BRDA:26,5,0,14
BRDA:26,5,1,13
BRDA:26,5,2,11
BRDA:32,6,0,4
BRDA:32,6,1,6
BRDA:34,7,0,0
BRDA:34,7,1,6
BRF:19
BRH:18
end_of_record
